<?xml version="1.0" encoding="UTF-8"?>
<!-- Generated by org.testng.reporters.JUnitXMLReporter -->
<testsuite hostname="THBSLAPTOP-452" name="propertiesAndParametersExecution" tests="3" failures="0" timestamp="21 Dec 2019 11:15:28 GMT" time="0.243" errors="0">
  <testcase name="Result" time="0.049" classname="testngDemo.ConsumingPropertyFile"/>
  <testcase name="Result2" time="0.011" classname="testngDemo.ConsumingPropertyFile"/>
  <testcase name="ResultTwo" time="0.058" classname="testngDemo.ConsumingPropertyFile"/>
</testsuite> <!-- propertiesAndParametersExecution -->
