<?xml version="1.0" encoding="UTF-8"?>
<testng-results skipped="0" failed="0" total="1" passed="1">
  <reporter-output>
  </reporter-output>
  <suite name="Suite" duration-ms="10410" started-at="2019-12-24T17:04:58Z" finished-at="2019-12-24T17:05:08Z">
    <groups>
    </groups>
    <test name="Test" duration-ms="10410" started-at="2019-12-24T17:04:58Z" finished-at="2019-12-24T17:05:08Z">
      <class name="locators.LocatorsDemo">
        <test-method status="PASS" signature="setUp()[pri:0, instance:locators.LocatorsDemo@475530b9]" name="setUp" is-config="true" duration-ms="3419" started-at="2019-12-24T22:34:58Z" finished-at="2019-12-24T22:35:01Z">
          <reporter-output>
          </reporter-output>
        </test-method> <!-- setUp -->
        <test-method status="PASS" signature="checkWait()[pri:0, instance:locators.LocatorsDemo@475530b9]" name="checkWait" duration-ms="6962" started-at="2019-12-24T22:35:01Z" finished-at="2019-12-24T22:35:08Z">
          <reporter-output>
          </reporter-output>
        </test-method> <!-- checkWait -->
      </class> <!-- locators.LocatorsDemo -->
    </test> <!-- Test -->
  </suite> <!-- Suite -->
</testng-results>
